<?xml version="1.0" encoding="UTF-8"?>
<!-- Generated by org.testng.reporters.JUnitReportReporter -->
<testsuite name="com.esg.executableclasses.SPGInsulationUpgradeExecutableClass" tests="2" time="652.636" ignored="0" failures="0" timestamp="16 Apr 2020 15:29:28 GMT" skipped="0" hostname="LIT-HYD-L037" errors="0">
  <testcase name="OpenOnlineApplicationStep_NaturalGasModule" time="43.049" classname="com.esg.executableclasses.SPGInsulationUpgradeExecutableClass"/>
  <testcase name="NaturalGasModule" time="609.587" classname="com.esg.executableclasses.SPGInsulationUpgradeExecutableClass"/>
</testsuite> <!-- com.esg.executableclasses.SPGInsulationUpgradeExecutableClass -->
