<?xml version="1.0" encoding="UTF-8"?>
<!-- Generated by org.testng.reporters.JUnitReportReporter -->
<testsuite hostname="DESKTOP-EQHIDO3" name="com.esg.executableclasses.EKPC_CommunitySolarExecutableClass" tests="4" failures="0" timestamp="5 Nov 2019 05:15:34 GMT" time="345.583" errors="0">
  <testcase name="EKPC_CommunitySolar_InventoryCheck" time="21.702" classname="com.esg.executableclasses.EKPC_CommunitySolarExecutableClass"/>
  <testcase name="EKPC_CommunitySolar_OnlineApplication" time="93.163" classname="com.esg.executableclasses.EKPC_CommunitySolarExecutableClass"/>
  <testcase name="EKPC_CommunitySolar_Login" time="21.954" classname="com.esg.executableclasses.EKPC_CommunitySolarExecutableClass"/>
  <testcase name="EKPC_CommunitySolar_Verify_and_ProcessApplication" time="208.764" classname="com.esg.executableclasses.EKPC_CommunitySolarExecutableClass"/>
</testsuite> <!-- com.esg.executableclasses.EKPC_CommunitySolarExecutableClass -->
