<?xml version="1.0" encoding="UTF-8"?>
<!-- Generated by org.testng.reporters.JUnitReportReporter -->
<testsuite name="com.esg.executableclasses.PayeeRegressionExecutableClass" tests="2" time="2628.478" ignored="0" failures="0" timestamp="24 Apr 2020 15:49:18 GMT" skipped="0" hostname="LIT-HYD-L037" errors="0">
  <testcase name="payeeRegression_InstallStep_Closed_ReOpenApplicationAndChangePayee" time="2585.945" classname="com.esg.executableclasses.PayeeRegressionExecutableClass"/>
  <testcase name="enrollment" time="42.533" classname="com.esg.executableclasses.PayeeRegressionExecutableClass"/>
</testsuite> <!-- com.esg.executableclasses.PayeeRegressionExecutableClass -->
