<?xml version="1.0" encoding="UTF-8"?>
<!-- Generated by org.testng.reporters.JUnitReportReporter -->
<testsuite name="com.esg.executableclasses.MultiUnitWaiverExecutableClass" tests="9" time="4454.424" ignored="0" failures="0" timestamp="01 Apr 2020 14:11:01 GMT" skipped="0" hostname="LIT-HYD-L037" errors="0">
  <testcase name="Create_Enrollment_Multi_Unit_Waiver_Step5" time="440.955" classname="com.esg.executableclasses.MultiUnitWaiverExecutableClass"/>
  <testcase name="Unlink_Link_Lead_MultiUnitWaiver_Multi_Unit_Waiver" time="333.914" classname="com.esg.executableclasses.MultiUnitWaiverExecutableClass"/>
  <testcase name="Add_Unit_And_Link_from_LinkEnrollment_Dialog_Multi_Unit_Waiver" time="751.451" classname="com.esg.executableclasses.MultiUnitWaiverExecutableClass"/>
  <testcase name="Create_Multi_Unit_Waiver_Step1" time="399.676" classname="com.esg.executableclasses.MultiUnitWaiverExecutableClass"/>
  <testcase name="Verify_Added_BuildingAndUnits_Multi_Unit_Waiver_Step3" time="186.694" classname="com.esg.executableclasses.MultiUnitWaiverExecutableClass"/>
  <testcase name="Unlink_Link_Enrollment_MultiUnitWaiver_Multi_Unit_Waiver" time="319.190" classname="com.esg.executableclasses.MultiUnitWaiverExecutableClass"/>
  <testcase name="Add_Unit_And_Link_from_LinkLead_Dialog_Multi_Unit_Waiver" time="788.324" classname="com.esg.executableclasses.MultiUnitWaiverExecutableClass"/>
  <testcase name="Add_Building_And_Units_Multi_Unit_Waiver_Step2" time="856.620" classname="com.esg.executableclasses.MultiUnitWaiverExecutableClass"/>
  <testcase name="Create_Lead_Multi_Unit_Waiver_Step4" time="377.600" classname="com.esg.executableclasses.MultiUnitWaiverExecutableClass"/>
</testsuite> <!-- com.esg.executableclasses.MultiUnitWaiverExecutableClass -->
