<?xml version="1.0" encoding="UTF-8"?>
<!-- Generated by org.testng.reporters.JUnitReportReporter -->
<testsuite hostname="DESKTOP-EQHIDO3" name="com.esg.executableclasses.Ekpc_esapExecutableClass" tests="7" failures="0" timestamp="13 Nov 2019 13:53:46 GMT" time="514.893" errors="0">
  <testcase name="JobCostSummaryValidation_Module" time="52.487" classname="com.esg.executableclasses.Ekpc_esapExecutableClass"/>
  <testcase name="newmeasure" time="143.648" classname="com.esg.executableclasses.Ekpc_esapExecutableClass"/>
  <testcase name="login" time="23.296" classname="com.esg.executableclasses.Ekpc_esapExecutableClass"/>
  <testcase name="createnewenrollement" time="62.632" classname="com.esg.executableclasses.Ekpc_esapExecutableClass"/>
  <testcase name="ApplicationStatus_Module" time="97.024" classname="com.esg.executableclasses.Ekpc_esapExecutableClass"/>
  <testcase name="newenrollement" time="70.915" classname="com.esg.executableclasses.Ekpc_esapExecutableClass"/>
  <testcase name="OverrideModule" time="64.891" classname="com.esg.executableclasses.Ekpc_esapExecutableClass"/>
</testsuite> <!-- com.esg.executableclasses.Ekpc_esapExecutableClass -->
