<?xml version="1.0" encoding="UTF-8"?>
<!-- Generated by org.testng.reporters.JUnitReportReporter -->
<testsuite hostname="DESKTOP-EQHIDO3" name="com.esg.executableclasses.BenchMarking_ExecutableClass" tests="10" failures="0" timestamp="19 Nov 2019 08:26:35 GMT" time="2247.300" errors="0">
  <testcase name="BenchmarkingNonaggreedatedModule" time="937.528" classname="com.esg.executableclasses.BenchMarking_ExecutableClass"/>
  <testcase name="Property5_AppartmentcampusModule" time="38.006" classname="com.esg.executableclasses.BenchMarking_ExecutableClass"/>
  <testcase name="Verify_Last_Bill_Amount_Module" time="28.506" classname="com.esg.executableclasses.BenchMarking_ExecutableClass"/>
  <testcase name="Property2_ComRes1Module" time="63.326" classname="com.esg.executableclasses.BenchMarking_ExecutableClass"/>
  <testcase name="Property4_UnverifiedAddressModule" time="55.237" classname="com.esg.executableclasses.BenchMarking_ExecutableClass"/>
  <testcase name="EECP_PortfolioConfig_Module" time="54.547" classname="com.esg.executableclasses.BenchMarking_ExecutableClass"/>
  <testcase name="Property1_CommercialModule" time="78.621" classname="com.esg.executableclasses.BenchMarking_ExecutableClass"/>
  <testcase name="BenchmarkingDataRequestPortalModule" time="880.619" classname="com.esg.executableclasses.BenchMarking_ExecutableClass"/>
  <testcase name="LoginPage" time="49.153" classname="com.esg.executableclasses.BenchMarking_ExecutableClass"/>
  <testcase name="Property3_ComRes2Module" time="61.757" classname="com.esg.executableclasses.BenchMarking_ExecutableClass"/>
</testsuite> <!-- com.esg.executableclasses.BenchMarking_ExecutableClass -->
