<?xml version="1.0" encoding="UTF-8"?>
<!-- Generated by org.testng.reporters.JUnitReportReporter -->
<testsuite hostname="DESKTOP-EQHIDO3" name="com.esg.executableclasses.UserDefinedWorkflowExecutableClass" tests="29" failures="0" timestamp="31 Oct 2019 09:10:35 GMT" time="2697.623" errors="0">
  <testcase name="UserDefinedWorkflow_AutomatedWorkflow_Custom_Commercial_QualityAssurance" time="185.468" classname="com.esg.executableclasses.UserDefinedWorkflowExecutableClass"/>
  <testcase name="UserDefinedWorkflow_AutomatedWorkflow_Custom_Commercial_EnrollmentStep_2" time="154.192" classname="com.esg.executableclasses.UserDefinedWorkflowExecutableClass"/>
  <testcase name="UserDefinedWorkflow_AutomatedWorkflow_Installation_and_Inspection_EnrollmentStep_2" time="33.035" classname="com.esg.executableclasses.UserDefinedWorkflowExecutableClass"/>
  <testcase name="UserDefinedWorkflow_AutomatedWorkflow_Installation_and_Inspection_QualityAssurance" time="148.136" classname="com.esg.executableclasses.UserDefinedWorkflowExecutableClass"/>
  <testcase name="UserDefinedWorkflow_AutomatedWorkflow_Custom_Commercial_EnrollmentStep_1" time="79.123" classname="com.esg.executableclasses.UserDefinedWorkflowExecutableClass"/>
  <testcase name="UserDefinedWorkflow_AutomatedWorkflow_Interconnect_Workflow_EnrollmentStep_3" time="33.189" classname="com.esg.executableclasses.UserDefinedWorkflowExecutableClass"/>
  <testcase name="UserDefinedWorkflow_AutomatedWorkflow_OPAL_EnrollmentStep_2" time="428.295" classname="com.esg.executableclasses.UserDefinedWorkflowExecutableClass"/>
  <testcase name="UserDefinedWorkflow_AutomatedWorkflow_Interconnect_Workflow_EnrollmentStep_1" time="93.403" classname="com.esg.executableclasses.UserDefinedWorkflowExecutableClass"/>
  <testcase name="UserDefinedWorkflow_AutomatedWorkflow_Installation_and_Inspection_EnrollmentStep_1" time="92.291" classname="com.esg.executableclasses.UserDefinedWorkflowExecutableClass"/>
  <testcase name="UserDefinedWorkflow_AutomatedWorkflow_OPAL_EnrollmentStep_1" time="112.548" classname="com.esg.executableclasses.UserDefinedWorkflowExecutableClass"/>
  <testcase name="UserDefinedWorkflow_AutomatedWorkflow_Custom_Commercial_Login" time="19.432" classname="com.esg.executableclasses.UserDefinedWorkflowExecutableClass"/>
  <testcase name="UserDefinedWorkflow_AutomatedWorkflow_Custom_Commercial_Pre_EngineeringStep" time="34.622" classname="com.esg.executableclasses.UserDefinedWorkflowExecutableClass"/>
  <testcase name="UserDefinedWorkflow_AutomatedWorkflow_Installation_and_Inspection_Pre_InspectionStep" time="63.164" classname="com.esg.executableclasses.UserDefinedWorkflowExecutableClass"/>
  <testcase name="UserDefinedWorkflow_AutomatedWorkflow_Installation_and_Inspection_Login" time="19.894" classname="com.esg.executableclasses.UserDefinedWorkflowExecutableClass"/>
  <testcase name="UserDefinedWorkflow_AutomatedWorkflow_Interconnect_Workflow_EnrollmentStep_2" time="190.592" classname="com.esg.executableclasses.UserDefinedWorkflowExecutableClass"/>
  <testcase name="UserDefinedWorkflow_AutomatedWorkflow_Interconnect_Workflow_Login" time="19.655" classname="com.esg.executableclasses.UserDefinedWorkflowExecutableClass"/>
  <testcase name="UserDefinedWorkflow_AutomatedWorkflow_Inspection_InspectionStep_1" time="141.246" classname="com.esg.executableclasses.UserDefinedWorkflowExecutableClass"/>
  <testcase name="UserDefinedWorkflow_AutomatedWorkflow_Inspection_EnrollmentStep_2" time="73.099" classname="com.esg.executableclasses.UserDefinedWorkflowExecutableClass"/>
  <testcase name="UserDefinedWorkflow_AutomatedWorkflow_Inspection_InspectionStep_2" time="272.159" classname="com.esg.executableclasses.UserDefinedWorkflowExecutableClass"/>
  <testcase name="UserDefinedWorkflow_AutomatedWorkflow_OPAL_InspectionStep_1" time="79.442" classname="com.esg.executableclasses.UserDefinedWorkflowExecutableClass"/>
  <testcase name="UserDefinedWorkflow_AutomatedWorkflow_Inspection_EnrollmentStep_1" time="74.877" classname="com.esg.executableclasses.UserDefinedWorkflowExecutableClass"/>
  <testcase name="UserDefinedWorkflow_AutomatedWorkflow_Custom_Commercial_InspectionStep" time="48.016" classname="com.esg.executableclasses.UserDefinedWorkflowExecutableClass"/>
  <testcase name="UserDefinedWorkflow_AutomatedWorkflow_OPAL_Login" time="19.544" classname="com.esg.executableclasses.UserDefinedWorkflowExecutableClass"/>
  <testcase name="UserDefinedWorkflow_AutomatedWorkflow_Installation_and_Inspection_InspectionStep" time="62.298" classname="com.esg.executableclasses.UserDefinedWorkflowExecutableClass"/>
  <testcase name="UserDefinedWorkflow_AutomatedWorkflow_Custom_Commercial_Post_EngineeringStep" time="32.878" classname="com.esg.executableclasses.UserDefinedWorkflowExecutableClass"/>
  <testcase name="UserDefinedWorkflow_AutomatedWorkflow_Custom_Commercial_EnrollmentStep_3" time="31.492" classname="com.esg.executableclasses.UserDefinedWorkflowExecutableClass"/>
  <testcase name="UserDefinedWorkflow_AutomatedWorkflow_Interconnect_Workflow_Pre_InspectionStep" time="69.138" classname="com.esg.executableclasses.UserDefinedWorkflowExecutableClass"/>
  <testcase name="UserDefinedWorkflow_AutomatedWorkflow_Inspection_Login" time="21.644" classname="com.esg.executableclasses.UserDefinedWorkflowExecutableClass"/>
  <testcase name="UserDefinedWorkflow_AutomatedWorkflow_Interconnect_Workflow_Pre_Engineering" time="64.751" classname="com.esg.executableclasses.UserDefinedWorkflowExecutableClass"/>
</testsuite> <!-- com.esg.executableclasses.UserDefinedWorkflowExecutableClass -->
