<?xml version="1.0" encoding="UTF-8"?>
<!-- Generated by org.testng.reporters.JUnitReportReporter -->
<testsuite hostname="DESKTOP-EQHIDO3" name="com.esg.executableclasses.AusSolarPvExecutableClass" tests="10" failures="0" timestamp="5 Nov 2019 03:08:03 GMT" time="1159.314" errors="0">
  <testcase name="AusSolarPV_Installation" time="58.386" classname="com.esg.executableclasses.AusSolarPvExecutableClass"/>
  <testcase name="AusSolarPV_InitiatePayment" time="104.181" classname="com.esg.executableclasses.AusSolarPvExecutableClass"/>
  <testcase name="AusSolarPV_Inspection" time="109.862" classname="com.esg.executableclasses.AusSolarPvExecutableClass"/>
  <testcase name="AusSolarPV_Generate_PaymentRequest" time="19.086" classname="com.esg.executableclasses.AusSolarPvExecutableClass"/>
  <testcase name="AusSolarPV_Login" time="21.625" classname="com.esg.executableclasses.AusSolarPvExecutableClass"/>
  <testcase name="AusSolarPV_Pre_Inspection" time="129.275" classname="com.esg.executableclasses.AusSolarPvExecutableClass"/>
  <testcase name="AusSolarPV_Application" time="484.848" classname="com.esg.executableclasses.AusSolarPvExecutableClass"/>
  <testcase name="AusSolarPV_QA_Review" time="91.916" classname="com.esg.executableclasses.AusSolarPvExecutableClass"/>
  <testcase name="AusSolarPV_CreateEnrollment" time="62.215" classname="com.esg.executableclasses.AusSolarPvExecutableClass"/>
  <testcase name="AusSolarPV_DocumentReview" time="77.920" classname="com.esg.executableclasses.AusSolarPvExecutableClass"/>
</testsuite> <!-- com.esg.executableclasses.AusSolarPvExecutableClass -->
