<?xml version="1.0" encoding="UTF-8"?>
<!-- Generated by org.testng.reporters.JUnitReportReporter -->
<testsuite skipped="0" hostname="LIT-HYD-L006" name="com.esg.executableclasses.SDGE_EEBI_ExecutableClass" tests="10" failures="0" timestamp="03 Jul 2019 03:36:01 GMT" time="613.334" errors="0">
  <testcase name="SDGE_EEBI_Login" time="17.965" classname="com.esg.executableclasses.SDGE_EEBI_ExecutableClass"/>
  <testcase name="SDGE_EEBI_CreateEnrollment" time="36.693" classname="com.esg.executableclasses.SDGE_EEBI_ExecutableClass"/>
  <testcase name="SDGE_EEBI_Application" time="265.682" classname="com.esg.executableclasses.SDGE_EEBI_ExecutableClass"/>
  <testcase name="SDGE_EEBI_Pre_Inspection" time="46.087" classname="com.esg.executableclasses.SDGE_EEBI_ExecutableClass"/>
  <testcase name="SDGE_EEBI_Pre_Engineering" time="36.911" classname="com.esg.executableclasses.SDGE_EEBI_ExecutableClass"/>
  <testcase name="SDGE_EEBI_Installation" time="51.655" classname="com.esg.executableclasses.SDGE_EEBI_ExecutableClass"/>
  <testcase name="SDGE_EEBI_Inspection" time="59.298" classname="com.esg.executableclasses.SDGE_EEBI_ExecutableClass"/>
  <testcase name="SDGE_EEBI_Post_Engineering" time="45.359" classname="com.esg.executableclasses.SDGE_EEBI_ExecutableClass"/>
  <testcase name="SDGE_EEBI_Management_Review" time="35.059" classname="com.esg.executableclasses.SDGE_EEBI_ExecutableClass"/>
  <testcase name="SDGE_EEBI_VerifyEnrollment" time="18.625" classname="com.esg.executableclasses.SDGE_EEBI_ExecutableClass"/>
</testsuite> <!-- com.esg.executableclasses.SDGE_EEBI_ExecutableClass -->
