<?xml version="1.0" encoding="UTF-8"?>
<!-- Generated by org.testng.reporters.JUnitReportReporter -->
<testsuite name="com.esg.executableclasses.TradeAllyRegistrationExecutableClass" tests="10" time="1305.918" ignored="0" failures="0" timestamp="17 Apr 2020 13:58:10 GMT" skipped="0" hostname="LIT-HYD-L037" errors="0">
  <testcase name="TradeAlly_Registration_OnlineApplication_Step_4" time="358.135" classname="com.esg.executableclasses.TradeAllyRegistrationExecutableClass"/>
  <testcase name="TradeAlly_Registration_OnlineApplication_Step_5" time="173.978" classname="com.esg.executableclasses.TradeAllyRegistrationExecutableClass"/>
  <testcase name="TradeAlly_Registration_OnlineApplication_Step_2" time="177.880" classname="com.esg.executableclasses.TradeAllyRegistrationExecutableClass"/>
  <testcase name="TradeAlly_Registration_OnlineApplication_Step_6" time="3.859" classname="com.esg.executableclasses.TradeAllyRegistrationExecutableClass"/>
  <testcase name="TradeAlly_Registration_Login" time="40.951" classname="com.esg.executableclasses.TradeAllyRegistrationExecutableClass"/>
  <testcase name="TradeAlly_Registration_ReOpenAndLoginAgain" time="1.511" classname="com.esg.executableclasses.TradeAllyRegistrationExecutableClass"/>
  <testcase name="TradeAlly_Registration_CreateEnrollment" time="73.224" classname="com.esg.executableclasses.TradeAllyRegistrationExecutableClass"/>
  <testcase name="TradeAlly_Registration_Configure_RegistrationTradeAlly" time="59.492" classname="com.esg.executableclasses.TradeAllyRegistrationExecutableClass"/>
  <testcase name="TradeAlly_Registration_OnlineApplication_Step_1" time="54.859" classname="com.esg.executableclasses.TradeAllyRegistrationExecutableClass"/>
  <testcase name="TradeAlly_Registration_OnlineApplication_Step_3" time="362.029" classname="com.esg.executableclasses.TradeAllyRegistrationExecutableClass"/>
</testsuite> <!-- com.esg.executableclasses.TradeAllyRegistrationExecutableClass -->
