<?xml version="1.0" encoding="UTF-8"?>
<!-- Generated by org.testng.reporters.JUnitReportReporter -->
<testsuite name="com.esg.executableclasses.InspectionProcessingExecutableClass" tests="2" time="1060.243" ignored="0" failures="0" timestamp="27 Apr 2020 16:12:15 GMT" skipped="0" hostname="LIT-HYD-L037" errors="0">
  <testcase name="LoginStep" time="97.946" classname="com.esg.executableclasses.InspectionProcessingExecutableClass"/>
  <testcase name="PositiveWorkflows" time="962.297" classname="com.esg.executableclasses.InspectionProcessingExecutableClass"/>
</testsuite> <!-- com.esg.executableclasses.InspectionProcessingExecutableClass -->
