<?xml version="1.0" encoding="UTF-8"?>
<!-- Generated by org.testng.reporters.JUnitReportReporter -->
<testsuite name="com.esg.executableclasses.CreateAndSearchLeadExecutableClass" tests="2" time="1554.468" ignored="0" failures="0" timestamp="01 Apr 2020 15:20:39 GMT" skipped="0" hostname="LIT-HYD-L037" errors="0">
  <testcase name="CreateAndSearchLead_Login" time="40.521" classname="com.esg.executableclasses.CreateAndSearchLeadExecutableClass"/>
  <testcase name="CreateAndSearchLead_CreateNewLead" time="1513.947" classname="com.esg.executableclasses.CreateAndSearchLeadExecutableClass"/>
</testsuite> <!-- com.esg.executableclasses.CreateAndSearchLeadExecutableClass -->
