<?xml version="1.0" encoding="UTF-8"?>
<!-- Generated by org.testng.reporters.JUnitReportReporter -->
<testsuite hostname="DESKTOP-EQHIDO3" name="com.esg.executableclasses.TradeAllyRegistrationExecutableClass" tests="10" failures="0" timestamp="12 Nov 2019 12:13:03 GMT" time="662.489" errors="0">
  <testcase name="TradeAlly_Registration_OnlineApplication_Step_5" time="78.878" classname="com.esg.executableclasses.TradeAllyRegistrationExecutableClass"/>
  <testcase name="TradeAlly_Registration_OnlineApplication_Step_1" time="24.624" classname="com.esg.executableclasses.TradeAllyRegistrationExecutableClass"/>
  <testcase name="TradeAlly_Registration_OnlineApplication_Step_2" time="54.122" classname="com.esg.executableclasses.TradeAllyRegistrationExecutableClass"/>
  <testcase name="TradeAlly_Registration_Configure_RegistrationTradeAlly" time="51.756" classname="com.esg.executableclasses.TradeAllyRegistrationExecutableClass"/>
  <testcase name="TradeAlly_Registration_OnlineApplication_Step_3" time="191.969" classname="com.esg.executableclasses.TradeAllyRegistrationExecutableClass"/>
  <testcase name="TradeAlly_Registration_OnlineApplication_Step_4" time="184.115" classname="com.esg.executableclasses.TradeAllyRegistrationExecutableClass"/>
  <testcase name="TradeAlly_Registration_OnlineApplication_Step_6" time="4.202" classname="com.esg.executableclasses.TradeAllyRegistrationExecutableClass"/>
  <testcase name="TradeAlly_Registration_ReOpenAndLoginAgain" time="2.862" classname="com.esg.executableclasses.TradeAllyRegistrationExecutableClass"/>
  <testcase name="TradeAlly_Registration_Login" time="22.292" classname="com.esg.executableclasses.TradeAllyRegistrationExecutableClass"/>
  <testcase name="TradeAlly_Registration_CreateEnrollment" time="47.669" classname="com.esg.executableclasses.TradeAllyRegistrationExecutableClass"/>
</testsuite> <!-- com.esg.executableclasses.TradeAllyRegistrationExecutableClass -->
