<?xml version="1.0" encoding="UTF-8"?>
<!-- Generated by org.testng.reporters.JUnitReportReporter -->
<testsuite hostname="DESKTOP-EQHIDO3" name="com.esg.executableclasses.LetterListSearchExecutableClass" tests="2" failures="0" timestamp="11 Nov 2019 06:26:55 GMT" time="112.358" errors="0">
  <testcase name="LetterList_Search" time="88.324" classname="com.esg.executableclasses.LetterListSearchExecutableClass"/>
  <testcase name="LetterListSearch_Login" time="24.034" classname="com.esg.executableclasses.LetterListSearchExecutableClass"/>
</testsuite> <!-- com.esg.executableclasses.LetterListSearchExecutableClass -->
