<?xml version="1.0" encoding="UTF-8"?>
<!-- Generated by org.testng.reporters.JUnitReportReporter -->
<testsuite hostname="DESKTOP-EQHIDO3" name="com.esg.executableclasses.ApogeUploadExecutableClass" tests="5" failures="0" timestamp="30 Oct 2019 04:23:58 GMT" time="278.692" errors="0">
  <testcase name="LoginStep" time="21.215" classname="com.esg.executableclasses.ApogeUploadExecutableClass"/>
  <testcase name="UploadFileStep" time="76.564" classname="com.esg.executableclasses.ApogeUploadExecutableClass"/>
  <testcase name="VerifyApogeeWithModifiedFilesStep" time="25.680" classname="com.esg.executableclasses.ApogeUploadExecutableClass"/>
  <testcase name="EnrollmentStep" time="21.906" classname="com.esg.executableclasses.ApogeUploadExecutableClass"/>
  <testcase name="VerifyApogeeWithoutModifiedFilesStep" time="133.327" classname="com.esg.executableclasses.ApogeUploadExecutableClass"/>
</testsuite> <!-- com.esg.executableclasses.ApogeUploadExecutableClass -->
