<?xml version="1.0" encoding="UTF-8"?>
<!-- Generated by org.testng.reporters.JUnitReportReporter -->
<testsuite hostname="DESKTOP-EQHIDO3" name="com.esg.executableclasses.LetterListSearchExecutableClass" tests="2" failures="0" timestamp="29 Oct 2019 07:02:19 GMT" time="120.859" errors="0">
  <testcase name="LetterList_Search" time="85.522" classname="com.esg.executableclasses.LetterListSearchExecutableClass"/>
  <testcase name="LetterListSearch_Login" time="35.337" classname="com.esg.executableclasses.LetterListSearchExecutableClass"/>
</testsuite> <!-- com.esg.executableclasses.LetterListSearchExecutableClass -->
