<?xml version="1.0" encoding="UTF-8"?>
<!-- Generated by org.testng.reporters.JUnitReportReporter -->
<testsuite hostname="DESKTOP-EQHIDO3" name="com.esg.executableclasses.TradeAllyRegistrationExecutableClass" tests="10" failures="0" timestamp="4 Nov 2019 08:42:29 GMT" time="713.327" errors="0">
  <testcase name="TradeAlly_Registration_CreateEnrollment" time="48.001" classname="com.esg.executableclasses.TradeAllyRegistrationExecutableClass"/>
  <testcase name="TradeAlly_Registration_OnlineApplication_Step_2" time="51.396" classname="com.esg.executableclasses.TradeAllyRegistrationExecutableClass"/>
  <testcase name="TradeAlly_Registration_OnlineApplication_Step_3" time="195.983" classname="com.esg.executableclasses.TradeAllyRegistrationExecutableClass"/>
  <testcase name="TradeAlly_Registration_OnlineApplication_Step_4" time="188.842" classname="com.esg.executableclasses.TradeAllyRegistrationExecutableClass"/>
  <testcase name="TradeAlly_Registration_OnlineApplication_Step_6" time="3.557" classname="com.esg.executableclasses.TradeAllyRegistrationExecutableClass"/>
  <testcase name="TradeAlly_Registration_OnlineApplication_Step_5" time="96.751" classname="com.esg.executableclasses.TradeAllyRegistrationExecutableClass"/>
  <testcase name="TradeAlly_Registration_Login" time="21.269" classname="com.esg.executableclasses.TradeAllyRegistrationExecutableClass"/>
  <testcase name="TradeAlly_Registration_ReOpenAndLoginAgain" time="3.212" classname="com.esg.executableclasses.TradeAllyRegistrationExecutableClass"/>
  <testcase name="TradeAlly_Registration_OnlineApplication_Step_1" time="24.415" classname="com.esg.executableclasses.TradeAllyRegistrationExecutableClass"/>
  <testcase name="TradeAlly_Registration_Configure_RegistrationTradeAlly" time="79.901" classname="com.esg.executableclasses.TradeAllyRegistrationExecutableClass"/>
</testsuite> <!-- com.esg.executableclasses.TradeAllyRegistrationExecutableClass -->
