<?xml version="1.0" encoding="UTF-8"?>
<!-- Generated by org.testng.reporters.JUnitReportReporter -->
<testsuite name="com.esg.executableclasses.UserDefinedWorkflowExecutableClass" tests="6" time="861.543" ignored="0" failures="0" timestamp="27 Apr 2020 13:34:17 GMT" skipped="0" hostname="LIT-HYD-L037" errors="0">
  <testcase name="UserDefinedWorkflow_AutomatedWorkflow_Interconnect_Workflow_Pre_Engineering" time="106.921" classname="com.esg.executableclasses.UserDefinedWorkflowExecutableClass"/>
  <testcase name="UserDefinedWorkflow_AutomatedWorkflow_Interconnect_Workflow_EnrollmentStep_2" time="318.558" classname="com.esg.executableclasses.UserDefinedWorkflowExecutableClass"/>
  <testcase name="UserDefinedWorkflow_AutomatedWorkflow_Interconnect_Workflow_Login" time="51.384" classname="com.esg.executableclasses.UserDefinedWorkflowExecutableClass"/>
  <testcase name="UserDefinedWorkflow_AutomatedWorkflow_Interconnect_Workflow_Pre_InspectionStep" time="162.953" classname="com.esg.executableclasses.UserDefinedWorkflowExecutableClass"/>
  <testcase name="UserDefinedWorkflow_AutomatedWorkflow_Interconnect_Workflow_EnrollmentStep_3" time="30.773" classname="com.esg.executableclasses.UserDefinedWorkflowExecutableClass"/>
  <testcase name="UserDefinedWorkflow_AutomatedWorkflow_Interconnect_Workflow_EnrollmentStep_1" time="190.954" classname="com.esg.executableclasses.UserDefinedWorkflowExecutableClass"/>
</testsuite> <!-- com.esg.executableclasses.UserDefinedWorkflowExecutableClass -->
