<?xml version="1.0" encoding="UTF-8"?>
<!-- Generated by org.testng.reporters.JUnitReportReporter -->
<testsuite hostname="DESKTOP-EQHIDO3" name="com.esg.executableclasses.ApogeUploadExecutableClass" tests="5" failures="0" timestamp="12 Nov 2019 13:00:34 GMT" time="309.051" errors="0">
  <testcase name="UploadFileStep" time="86.391" classname="com.esg.executableclasses.ApogeUploadExecutableClass"/>
  <testcase name="VerifyApogeeWithModifiedFilesStep" time="33.837" classname="com.esg.executableclasses.ApogeUploadExecutableClass"/>
  <testcase name="VerifyApogeeWithoutModifiedFilesStep" time="137.516" classname="com.esg.executableclasses.ApogeUploadExecutableClass"/>
  <testcase name="LoginStep" time="22.150" classname="com.esg.executableclasses.ApogeUploadExecutableClass"/>
  <testcase name="EnrollmentStep" time="29.157" classname="com.esg.executableclasses.ApogeUploadExecutableClass"/>
</testsuite> <!-- com.esg.executableclasses.ApogeUploadExecutableClass -->
