<?xml version="1.0" encoding="UTF-8"?>
<!-- Generated by org.testng.reporters.JUnitReportReporter -->
<testsuite hostname="DESKTOP-EQHIDO3" name="com.esg.executableclasses.MonitorExecutableClass" tests="4" failures="0" timestamp="25 Oct 2019 08:48:26 GMT" time="595.612" errors="0">
  <testcase name="Monitor8to9" time="272.541" classname="com.esg.executableclasses.MonitorExecutableClass"/>
  <testcase name="Monitor6to7" time="169.935" classname="com.esg.executableclasses.MonitorExecutableClass"/>
  <testcase name="Monitor1to5" time="80.479" classname="com.esg.executableclasses.MonitorExecutableClass"/>
  <testcase name="LoginAndOpenApplicationStep" time="72.657" classname="com.esg.executableclasses.MonitorExecutableClass"/>
</testsuite> <!-- com.esg.executableclasses.MonitorExecutableClass -->
