<?xml version="1.0" encoding="UTF-8"?>
<!-- Generated by org.testng.reporters.JUnitReportReporter -->
<testsuite skipped="0" hostname="LIT-HYD-L006" name="com.esg.executableclasses.TECO_LightingExecutableClass" tests="11" failures="0" timestamp="02 Jul 2019 07:30:54 GMT" time="343.154" errors="0">
  <testcase name="TECO_Lighting_Login" time="34.921" classname="com.esg.executableclasses.TECO_LightingExecutableClass"/>
  <testcase name="TECO_Lighting_OnlineApplication_Step_1" time="18.059" classname="com.esg.executableclasses.TECO_LightingExecutableClass"/>
  <testcase name="TECO_Lighting_OnlineApplication_Step_2" time="22.111" classname="com.esg.executableclasses.TECO_LightingExecutableClass"/>
  <testcase name="TECO_Lighting_OnlineApplication_Step_3" time="32.079" classname="com.esg.executableclasses.TECO_LightingExecutableClass"/>
  <testcase name="TECO_Lighting_OnlineApplication_Step_4" time="6.583" classname="com.esg.executableclasses.TECO_LightingExecutableClass"/>
  <testcase name="TECO_Lighting_OnlineApplication_Step_5" time="72.448" classname="com.esg.executableclasses.TECO_LightingExecutableClass"/>
  <testcase name="TECO_Lighting_OnlineApplication_Step_6" time="5.462" classname="com.esg.executableclasses.TECO_LightingExecutableClass"/>
  <testcase name="TECO_Lighting_OnlineApplication_Step_7" time="4.957" classname="com.esg.executableclasses.TECO_LightingExecutableClass"/>
  <testcase name="TECO_Lighting_OnlineApplication_Step_8" time="4.994" classname="com.esg.executableclasses.TECO_LightingExecutableClass"/>
  <testcase name="TECO_Lighting_OnlineApplication_Step_9" time="20.248" classname="com.esg.executableclasses.TECO_LightingExecutableClass"/>
  <testcase name="TECO_Lighting_OnlineApplication_VerifyEnrollment" time="121.292" classname="com.esg.executableclasses.TECO_LightingExecutableClass"/>
</testsuite> <!-- com.esg.executableclasses.TECO_LightingExecutableClass -->
