<?xml version="1.0" encoding="UTF-8"?>
<!-- Generated by org.testng.reporters.JUnitReportReporter -->
<testsuite hostname="DESKTOP-EQHIDO3" name="com.esg.executableclasses.CreateAndSearchLeadExecutableClass" tests="2" failures="0" timestamp="31 Oct 2019 04:33:14 GMT" time="1318.150" errors="0">
  <testcase name="CreateAndSearchLead_CreateNewLead" time="1296.972" classname="com.esg.executableclasses.CreateAndSearchLeadExecutableClass"/>
  <testcase name="CreateAndSearchLead_Login" time="21.178" classname="com.esg.executableclasses.CreateAndSearchLeadExecutableClass"/>
</testsuite> <!-- com.esg.executableclasses.CreateAndSearchLeadExecutableClass -->
