<?xml version="1.0" encoding="UTF-8"?>
<!-- Generated by org.testng.reporters.JUnitReportReporter -->
<testsuite hostname="DESKTOP-EQHIDO3" name="com.esg.executableclasses.MultiServiceInstallationExecutable" tests="9" failures="0" timestamp="11 Nov 2019 13:01:53 GMT" time="525.966" errors="0">
  <testcase name="ReinspectionProcess" time="84.304" classname="com.esg.executableclasses.MultiServiceInstallationExecutable"/>
  <testcase name="Enrollment" time="62.788" classname="com.esg.executableclasses.MultiServiceInstallationExecutable"/>
  <testcase name="InspectionProcess" time="87.426" classname="com.esg.executableclasses.MultiServiceInstallationExecutable"/>
  <testcase name="Application" time="28.549" classname="com.esg.executableclasses.MultiServiceInstallationExecutable"/>
  <testcase name="Measure" time="60.240" classname="com.esg.executableclasses.MultiServiceInstallationExecutable"/>
  <testcase name="CorrectionStep" time="127.280" classname="com.esg.executableclasses.MultiServiceInstallationExecutable"/>
  <testcase name="InstallationProcess" time="37.161" classname="com.esg.executableclasses.MultiServiceInstallationExecutable"/>
  <testcase name="JobCostSummary" time="13.762" classname="com.esg.executableclasses.MultiServiceInstallationExecutable"/>
  <testcase name="LoginClass" time="24.456" classname="com.esg.executableclasses.MultiServiceInstallationExecutable"/>
</testsuite> <!-- com.esg.executableclasses.MultiServiceInstallationExecutable -->
