<?xml version="1.0" encoding="UTF-8"?>
<!-- Generated by org.testng.reporters.JUnitReportReporter -->
<testsuite hostname="DESKTOP-EQHIDO3" name="com.esg.executableclasses.MultiServiceInstallationExecutable" tests="9" failures="0" timestamp="31 Oct 2019 06:04:07 GMT" time="503.787" errors="0">
  <testcase name="Enrollment" time="48.562" classname="com.esg.executableclasses.MultiServiceInstallationExecutable"/>
  <testcase name="JobCostSummary" time="13.191" classname="com.esg.executableclasses.MultiServiceInstallationExecutable"/>
  <testcase name="Measure" time="53.377" classname="com.esg.executableclasses.MultiServiceInstallationExecutable"/>
  <testcase name="InstallationProcess" time="32.179" classname="com.esg.executableclasses.MultiServiceInstallationExecutable"/>
  <testcase name="CorrectionStep" time="123.605" classname="com.esg.executableclasses.MultiServiceInstallationExecutable"/>
  <testcase name="Application" time="12.424" classname="com.esg.executableclasses.MultiServiceInstallationExecutable"/>
  <testcase name="InspectionProcess" time="97.137" classname="com.esg.executableclasses.MultiServiceInstallationExecutable"/>
  <testcase name="LoginClass" time="21.297" classname="com.esg.executableclasses.MultiServiceInstallationExecutable"/>
  <testcase name="ReinspectionProcess" time="102.015" classname="com.esg.executableclasses.MultiServiceInstallationExecutable"/>
</testsuite> <!-- com.esg.executableclasses.MultiServiceInstallationExecutable -->
