<?xml version="1.0" encoding="UTF-8"?>
<!-- Generated by org.testng.reporters.JUnitReportReporter -->
<testsuite hostname="DESKTOP-EQHIDO3" name="com.esg.executableclasses.MobileWebAppExecutableClass" tests="7" failures="0" timestamp="12 Nov 2019 13:29:19 GMT" time="878.580" errors="0">
  <testcase name="OpenURL" time="24.571" classname="com.esg.executableclasses.MobileWebAppExecutableClass"/>
  <testcase name="MeasurePropertyValidationErrorModule" time="138.828" classname="com.esg.executableclasses.MobileWebAppExecutableClass"/>
  <testcase name="PositiveWorkflowModule" time="138.427" classname="com.esg.executableclasses.MobileWebAppExecutableClass"/>
  <testcase name="ThresholdExceedModule" time="140.399" classname="com.esg.executableclasses.MobileWebAppExecutableClass"/>
  <testcase name="AccountValidationErrorModule" time="174.901" classname="com.esg.executableclasses.MobileWebAppExecutableClass"/>
  <testcase name="MeasureEligibilityModule" time="141.285" classname="com.esg.executableclasses.MobileWebAppExecutableClass"/>
  <testcase name="ProgramLevelEligibityModule" time="120.169" classname="com.esg.executableclasses.MobileWebAppExecutableClass"/>
</testsuite> <!-- com.esg.executableclasses.MobileWebAppExecutableClass -->
