<?xml version="1.0" encoding="UTF-8"?>
<!-- Generated by org.testng.reporters.JUnitReportReporter -->
<testsuite hostname="DESKTOP-EQHIDO3" name="com.esg.executableclasses.PayeeRegressionExecutableClass" tests="2" failures="0" timestamp="12 Nov 2019 15:29:20 GMT" time="2578.547" errors="0">
  <testcase name="payeeRegression_InstallStep_Closed_ReOpenApplicationAndChangePayee" time="2554.231" classname="com.esg.executableclasses.PayeeRegressionExecutableClass"/>
  <testcase name="enrollment" time="24.316" classname="com.esg.executableclasses.PayeeRegressionExecutableClass"/>
</testsuite> <!-- com.esg.executableclasses.PayeeRegressionExecutableClass -->
