<?xml version="1.0" encoding="UTF-8"?>
<!-- Generated by org.testng.reporters.JUnitReportReporter -->
<testsuite name="com.esg.executableclasses.SDGE_EEBI_ExecutableClass" tests="10" time="1947.241" ignored="0" failures="0" timestamp="24 Apr 2020 08:13:15 GMT" skipped="0" hostname="LIT-HYD-L037" errors="0">
  <testcase name="SDGE_EEBI_Inspection" time="165.831" classname="com.esg.executableclasses.SDGE_EEBI_ExecutableClass"/>
  <testcase name="SDGE_EEBI_CreateEnrollment" time="66.897" classname="com.esg.executableclasses.SDGE_EEBI_ExecutableClass"/>
  <testcase name="SDGE_EEBI_Application" time="1319.018" classname="com.esg.executableclasses.SDGE_EEBI_ExecutableClass"/>
  <testcase name="SDGE_EEBI_Post_Engineering" time="99.169" classname="com.esg.executableclasses.SDGE_EEBI_ExecutableClass"/>
  <testcase name="SDGE_EEBI_Pre_Engineering" time="32.959" classname="com.esg.executableclasses.SDGE_EEBI_ExecutableClass"/>
  <testcase name="SDGE_EEBI_VerifyEnrollment" time="15.243" classname="com.esg.executableclasses.SDGE_EEBI_ExecutableClass"/>
  <testcase name="SDGE_EEBI_Login" time="70.689" classname="com.esg.executableclasses.SDGE_EEBI_ExecutableClass"/>
  <testcase name="SDGE_EEBI_Pre_Inspection" time="36.800" classname="com.esg.executableclasses.SDGE_EEBI_ExecutableClass"/>
  <testcase name="SDGE_EEBI_Management_Review" time="41.605" classname="com.esg.executableclasses.SDGE_EEBI_ExecutableClass"/>
  <testcase name="SDGE_EEBI_Installation" time="99.030" classname="com.esg.executableclasses.SDGE_EEBI_ExecutableClass"/>
</testsuite> <!-- com.esg.executableclasses.SDGE_EEBI_ExecutableClass -->
