<?xml version="1.0" encoding="UTF-8"?>
<!-- Generated by org.testng.reporters.JUnitReportReporter -->
<testsuite hostname="DESKTOP-EQHIDO3" name="com.esg.executableclasses.SingleFileUploadExecutableClass" tests="2" failures="0" timestamp="13 Nov 2019 03:51:34 GMT" time="83.669" errors="0">
  <testcase name="UploadFile_Module" time="62.312" classname="com.esg.executableclasses.SingleFileUploadExecutableClass"/>
  <testcase name="Login_Module" time="21.357" classname="com.esg.executableclasses.SingleFileUploadExecutableClass"/>
</testsuite> <!-- com.esg.executableclasses.SingleFileUploadExecutableClass -->
