<?xml version="1.0" encoding="UTF-8"?>
<!-- Generated by org.testng.reporters.JUnitReportReporter -->
<testsuite hostname="DESKTOP-EQHIDO3" name="com.esg.executableclasses.EkpcButtonUpExecutableClass" tests="6" failures="0" timestamp="5 Nov 2019 05:26:20 GMT" time="492.089" errors="0">
  <testcase name="NeedtoBeRammedModule" time="284.903" classname="com.esg.executableclasses.EkpcButtonUpExecutableClass"/>
  <testcase name="CreateNewEnrollment" time="36.386" classname="com.esg.executableclasses.EkpcButtonUpExecutableClass"/>
  <testcase name="LeadModule" time="62.295" classname="com.esg.executableclasses.EkpcButtonUpExecutableClass"/>
  <testcase name="ValidationMethod" time="6.330" classname="com.esg.executableclasses.EkpcButtonUpExecutableClass"/>
  <testcase name="LoginPage" time="21.395" classname="com.esg.executableclasses.EkpcButtonUpExecutableClass"/>
  <testcase name="InvoicingMethod" time="80.780" classname="com.esg.executableclasses.EkpcButtonUpExecutableClass"/>
</testsuite> <!-- com.esg.executableclasses.EkpcButtonUpExecutableClass -->
