<?xml version="1.0" encoding="UTF-8"?>
<!-- Generated by org.testng.reporters.JUnitReportReporter -->
<testsuite hostname="DESKTOP-EQHIDO3" name="com.esg.executableclasses.CompressedFileUploadWith100MeasuresExecutableClass" tests="8" failures="0" timestamp="12 Nov 2019 12:41:29 GMT" time="211.542" errors="0">
  <testcase name="InitiatePayment" time="27.838" classname="com.esg.executableclasses.CompressedFileUploadWith100MeasuresExecutableClass"/>
  <testcase name="SubMenuSummaryValidaitionProcess" time="3.171" classname="com.esg.executableclasses.CompressedFileUploadWith100MeasuresExecutableClass"/>
  <testcase name="UploadFileStep" time="65.028" classname="com.esg.executableclasses.CompressedFileUploadWith100MeasuresExecutableClass"/>
  <testcase name="JobCostSummaryValidationProcess" time="9.148" classname="com.esg.executableclasses.CompressedFileUploadWith100MeasuresExecutableClass"/>
  <testcase name="EnrollmentStep" time="28.121" classname="com.esg.executableclasses.CompressedFileUploadWith100MeasuresExecutableClass"/>
  <testcase name="ApplicationMeasuresValidationProcess" time="4.721" classname="com.esg.executableclasses.CompressedFileUploadWith100MeasuresExecutableClass"/>
  <testcase name="QAReview" time="51.866" classname="com.esg.executableclasses.CompressedFileUploadWith100MeasuresExecutableClass"/>
  <testcase name="LoginStep" time="21.649" classname="com.esg.executableclasses.CompressedFileUploadWith100MeasuresExecutableClass"/>
</testsuite> <!-- com.esg.executableclasses.CompressedFileUploadWith100MeasuresExecutableClass -->
