<?xml version="1.0" encoding="UTF-8"?>
<!-- Generated by org.testng.reporters.JUnitReportReporter -->
<testsuite hostname="DESKTOP-EQHIDO3" name="com.esg.executableclasses.Compressed_FileUpload_With_Installation_ExecutableClass" tests="8" failures="0" timestamp="20 Nov 2019 03:31:09 GMT" time="611.542" errors="0">
  <testcase name="GenerateInvoiceModule" time="108.787" classname="com.esg.executableclasses.Compressed_FileUpload_With_Installation_ExecutableClass"/>
  <testcase name="LoginModule" time="21.623" classname="com.esg.executableclasses.Compressed_FileUpload_With_Installation_ExecutableClass"/>
  <testcase name="InstallationValidationModule" time="62.723" classname="com.esg.executableclasses.Compressed_FileUpload_With_Installation_ExecutableClass"/>
  <testcase name="InvoicingModule" time="51.826" classname="com.esg.executableclasses.Compressed_FileUpload_With_Installation_ExecutableClass"/>
  <testcase name="EnrollmentModule" time="91.365" classname="com.esg.executableclasses.Compressed_FileUpload_With_Installation_ExecutableClass"/>
  <testcase name="Upload" time="152.750" classname="com.esg.executableclasses.Compressed_FileUpload_With_Installation_ExecutableClass"/>
  <testcase name="JobCostSummaryValidationModule" time="44.868" classname="com.esg.executableclasses.Compressed_FileUpload_With_Installation_ExecutableClass"/>
  <testcase name="ApplicationValidationModule" time="77.600" classname="com.esg.executableclasses.Compressed_FileUpload_With_Installation_ExecutableClass"/>
</testsuite> <!-- com.esg.executableclasses.Compressed_FileUpload_With_Installation_ExecutableClass -->
