<?xml version="1.0" encoding="UTF-8"?>
<!-- Generated by org.testng.reporters.JUnitReportReporter -->
<testsuite hostname="DESKTOP-EQHIDO3" name="com.esg.executableclasses.CreateAndSearchLeadExecutableClass" tests="2" failures="0" timestamp="9 Nov 2019 06:22:12 GMT" time="1253.274" errors="0">
  <testcase name="CreateAndSearchLead_Login" time="21.600" classname="com.esg.executableclasses.CreateAndSearchLeadExecutableClass"/>
  <testcase name="CreateAndSearchLead_CreateNewLead" time="1231.674" classname="com.esg.executableclasses.CreateAndSearchLeadExecutableClass"/>
</testsuite> <!-- com.esg.executableclasses.CreateAndSearchLeadExecutableClass -->
