<?xml version="1.0" encoding="UTF-8"?>
<!-- Generated by org.testng.reporters.JUnitReportReporter -->
<testsuite name="com.esg.executableclasses.End_To_End_ConfigurationExecutableClass" tests="2" time="368.924" ignored="3" failures="0" timestamp="30 Mar 2020 04:38:05 GMT" skipped="0" hostname="LIT-HYD-L037" errors="0">
  <testcase name="CreateNewTradeAlly" time="328.016" classname="com.esg.executableclasses.End_To_End_ConfigurationExecutableClass"/>
  <testcase name="Login_Module" time="40.908" classname="com.esg.executableclasses.End_To_End_ConfigurationExecutableClass"/>
  <testcase name="CreateNewMeasure" classname="com.esg.executableclasses.End_To_End_ConfigurationExecutableClass">
    <skipped/>
  </testcase> <!-- CreateNewMeasure -->
  <testcase name="CreateNewMeasure_Add_FailCodes_and_NonFeasibleCodes" classname="com.esg.executableclasses.End_To_End_ConfigurationExecutableClass">
    <skipped/>
  </testcase> <!-- CreateNewMeasure_Add_FailCodes_and_NonFeasibleCodes -->
  <testcase name="CreateNewMeasure_Add_Properties" classname="com.esg.executableclasses.End_To_End_ConfigurationExecutableClass">
    <skipped/>
  </testcase> <!-- CreateNewMeasure_Add_Properties -->
</testsuite> <!-- com.esg.executableclasses.End_To_End_ConfigurationExecutableClass -->
