<?xml version="1.0" encoding="UTF-8"?>
<!-- Generated by org.testng.reporters.JUnitReportReporter -->
<testsuite hostname="DESKTOP-EQHIDO3" name="com.esg.executableclasses.SPGInsulationUpgradeExecutableClass" tests="2" failures="0" timestamp="4 Nov 2019 10:33:33 GMT" time="251.369" errors="1">
  <testcase name="AtticInsulationModule" time="229.186" classname="com.esg.executableclasses.SPGInsulationUpgradeExecutableClass">
    <error type="java.lang.NoSuchMethodError" message="org.apache.poi.ss.usermodel.Cell.getCellType()Lorg/apache/poi/ss/usermodel/CellType;">
      <![CDATA[java.lang.NoSuchMethodError: org.apache.poi.ss.usermodel.Cell.getCellType()Lorg/apache/poi/ss/usermodel/CellType;
	at org.apache.poi.xssf.usermodel.XSSFRow.removeCell(XSSFRow.java:485)
	at org.apache.poi.xssf.usermodel.XSSFSheet.createRow(XSSFSheet.java:766)
	at com.esg.utilities.WriteExcel.WriteData(WriteExcel.java:35)
	at com.esg.testclasses.SPGInsulationUpgradeTestClass.AtticInsulation(SPGInsulationUpgradeTestClass.java:104)
	at com.esg.executableclasses.SPGInsulationUpgradeExecutableClass.AtticInsulationModule(SPGInsulationUpgradeExecutableClass.java:29)
	at sun.reflect.NativeMethodAccessorImpl.invoke0(Native Method)
	at sun.reflect.NativeMethodAccessorImpl.invoke(NativeMethodAccessorImpl.java:62)
	at sun.reflect.DelegatingMethodAccessorImpl.invoke(DelegatingMethodAccessorImpl.java:43)
	at java.lang.reflect.Method.invoke(Method.java:498)
	at org.testng.internal.MethodInvocationHelper.invokeMethod(MethodInvocationHelper.java:86)
	at org.testng.internal.Invoker.invokeMethod(Invoker.java:645)
	at org.testng.internal.Invoker.invokeTestMethod(Invoker.java:822)
	at org.testng.internal.Invoker.invokeTestMethods(Invoker.java:1130)
	at org.testng.internal.TestMethodWorker.invokeTestMethods(TestMethodWorker.java:129)
	at org.testng.internal.TestMethodWorker.run(TestMethodWorker.java:112)
	at org.testng.TestRunner.privateRun(TestRunner.java:782)
	at org.testng.TestRunner.run(TestRunner.java:632)
	at org.testng.SuiteRunner.runTest(SuiteRunner.java:366)
	at org.testng.SuiteRunner.runSequentially(SuiteRunner.java:361)
	at org.testng.SuiteRunner.privateRun(SuiteRunner.java:319)
	at org.testng.SuiteRunner.run(SuiteRunner.java:268)
	at org.testng.SuiteRunnerWorker.runSuite(SuiteRunnerWorker.java:52)
	at org.testng.SuiteRunnerWorker.run(SuiteRunnerWorker.java:86)
	at org.testng.TestNG.runSuitesSequentially(TestNG.java:1244)
	at org.testng.TestNG.runSuitesLocally(TestNG.java:1169)
	at org.testng.TestNG.run(TestNG.java:1064)
	at org.testng.remote.RemoteTestNG.run(RemoteTestNG.java:113)
	at org.testng.remote.RemoteTestNG.initAndRun(RemoteTestNG.java:206)
	at org.testng.remote.RemoteTestNG.main(RemoteTestNG.java:177)
]]>
    </error>
  </testcase> <!-- AtticInsulationModule -->
  <testcase name="OpenOnlineApplicationStep" time="22.183" classname="com.esg.executableclasses.SPGInsulationUpgradeExecutableClass"/>
</testsuite> <!-- com.esg.executableclasses.SPGInsulationUpgradeExecutableClass -->
