<?xml version="1.0" encoding="UTF-8"?>
<!-- Generated by org.testng.reporters.JUnitReportReporter -->
<testsuite hostname="DESKTOP-EQHIDO3" name="com.esg.executableclasses.RNCRegressionExecutableClass" tests="2" failures="0" timestamp="12 Nov 2019 10:10:08 GMT" time="2212.013" errors="0">
  <testcase name="NonVerifiedLot" time="2188.461" classname="com.esg.executableclasses.RNCRegressionExecutableClass"/>
  <testcase name="LoginPage" time="23.552" classname="com.esg.executableclasses.RNCRegressionExecutableClass"/>
</testsuite> <!-- com.esg.executableclasses.RNCRegressionExecutableClass -->
