<?xml version="1.0" encoding="UTF-8"?>
<!-- Generated by org.testng.reporters.JUnitReportReporter -->
<testsuite hostname="DESKTOP-EQHIDO3" name="com.esg.executableclasses.ProgramLevelEligibilityExecutableClass" tests="1" failures="0" timestamp="4 Nov 2019 07:54:06 GMT" time="74.163" errors="0">
  <testcase name="BackendWithoutCustomer1" time="74.163" classname="com.esg.executableclasses.ProgramLevelEligibilityExecutableClass"/>
</testsuite> <!-- com.esg.executableclasses.ProgramLevelEligibilityExecutableClass -->
