<?xml version="1.0" encoding="UTF-8"?>
<!-- Generated by org.testng.reporters.JUnitReportReporter -->
<testsuite hostname="DESKTOP-EQHIDO3" name="com.esg.executableclasses.EkpcButtonUpExecutableClass" tests="6" failures="0" timestamp="11 Nov 2019 03:48:06 GMT" time="487.054" errors="0">
  <testcase name="InvoicingMethod" time="85.146" classname="com.esg.executableclasses.EkpcButtonUpExecutableClass"/>
  <testcase name="NeedtoBeRammedModule" time="273.399" classname="com.esg.executableclasses.EkpcButtonUpExecutableClass"/>
  <testcase name="ValidationMethod" time="6.368" classname="com.esg.executableclasses.EkpcButtonUpExecutableClass"/>
  <testcase name="CreateNewEnrollment" time="34.512" classname="com.esg.executableclasses.EkpcButtonUpExecutableClass"/>
  <testcase name="LeadModule" time="61.905" classname="com.esg.executableclasses.EkpcButtonUpExecutableClass"/>
  <testcase name="LoginPage" time="25.724" classname="com.esg.executableclasses.EkpcButtonUpExecutableClass"/>
</testsuite> <!-- com.esg.executableclasses.EkpcButtonUpExecutableClass -->
