<?xml version="1.0" encoding="UTF-8"?>
<!-- Generated by org.testng.reporters.JUnitReportReporter -->
<testsuite name="com.esg.executableclasses.MonitorExecutableClass" tests="4" time="1007.890" ignored="0" failures="0" timestamp="16 Apr 2020 12:54:53 GMT" skipped="0" hostname="LIT-HYD-L037" errors="0">
  <testcase name="LoginAndOpenApplicationStep" time="123.249" classname="com.esg.executableclasses.MonitorExecutableClass"/>
  <testcase name="Monitor8to9" time="451.559" classname="com.esg.executableclasses.MonitorExecutableClass"/>
  <testcase name="Monitor6to7" time="309.727" classname="com.esg.executableclasses.MonitorExecutableClass"/>
  <testcase name="Monitor1to5" time="123.355" classname="com.esg.executableclasses.MonitorExecutableClass"/>
</testsuite> <!-- com.esg.executableclasses.MonitorExecutableClass -->
