<?xml version="1.0" encoding="UTF-8"?>
<!-- Generated by org.testng.reporters.JUnitReportReporter -->
<testsuite name="com.esg.executableclasses.AusSolarPvExecutableClass" tests="10" time="1826.962" ignored="0" failures="0" timestamp="24 Apr 2020 09:10:13 GMT" skipped="0" hostname="LIT-HYD-L037" errors="0">
  <testcase name="AusSolarPV_Inspection" time="157.331" classname="com.esg.executableclasses.AusSolarPvExecutableClass"/>
  <testcase name="AusSolarPV_QA_Review" time="90.652" classname="com.esg.executableclasses.AusSolarPvExecutableClass"/>
  <testcase name="AusSolarPV_InitiatePayment" time="110.185" classname="com.esg.executableclasses.AusSolarPvExecutableClass"/>
  <testcase name="AusSolarPV_CreateEnrollment" time="46.798" classname="com.esg.executableclasses.AusSolarPvExecutableClass"/>
  <testcase name="AusSolarPV_Generate_PaymentRequest" time="13.616" classname="com.esg.executableclasses.AusSolarPvExecutableClass"/>
  <testcase name="AusSolarPV_Application" time="1085.379" classname="com.esg.executableclasses.AusSolarPvExecutableClass"/>
  <testcase name="AusSolarPV_Installation" time="42.259" classname="com.esg.executableclasses.AusSolarPvExecutableClass"/>
  <testcase name="AusSolarPV_Pre_Inspection" time="124.364" classname="com.esg.executableclasses.AusSolarPvExecutableClass"/>
  <testcase name="AusSolarPV_Login" time="72.317" classname="com.esg.executableclasses.AusSolarPvExecutableClass"/>
  <testcase name="AusSolarPV_DocumentReview" time="84.061" classname="com.esg.executableclasses.AusSolarPvExecutableClass"/>
</testsuite> <!-- com.esg.executableclasses.AusSolarPvExecutableClass -->
