<?xml version="1.0" encoding="UTF-8"?>
<!-- Generated by org.testng.reporters.JUnitReportReporter -->
<testsuite name="com.esg.executableclasses.InspectionProcessExecutableClass" tests="2" time="505.059" ignored="0" failures="0" timestamp="05 Mar 2020 06:30:18 GMT" skipped="0" hostname="LIT-HYD-L037" errors="0">
  <testcase name="LoginStep" time="48.953" classname="com.esg.executableclasses.InspectionProcessExecutableClass"/>
  <testcase name="PositiveWorkflows" time="456.106" classname="com.esg.executableclasses.InspectionProcessExecutableClass"/>
</testsuite> <!-- com.esg.executableclasses.InspectionProcessExecutableClass -->
