<?xml version="1.0" encoding="UTF-8"?>
<!-- Generated by org.testng.reporters.JUnitReportReporter -->
<testsuite name="com.esg.executableclasses.EKPC_CommunitySolarExecutableClass" tests="4" time="327.733" ignored="0" failures="0" timestamp="27 Apr 2020 11:13:33 GMT" skipped="0" hostname="LIT-HYD-L037" errors="0">
  <testcase name="EKPC_CommunitySolar_Login" time="85.441" classname="com.esg.executableclasses.EKPC_CommunitySolarExecutableClass"/>
  <testcase name="EKPC_CommunitySolar_Verify_and_ProcessApplication" time="242.276" classname="com.esg.executableclasses.EKPC_CommunitySolarExecutableClass"/>
  <testcase name="EKPC_CommunitySolar_OnlineApplication" time="0.016" classname="com.esg.executableclasses.EKPC_CommunitySolarExecutableClass"/>
  <testcase name="EKPC_CommunitySolar_InventoryCheck" time="0.000" classname="com.esg.executableclasses.EKPC_CommunitySolarExecutableClass"/>
</testsuite> <!-- com.esg.executableclasses.EKPC_CommunitySolarExecutableClass -->
