<?xml version="1.0" encoding="UTF-8"?>
<!-- Generated by org.testng.reporters.JUnitReportReporter -->
<testsuite hostname="DESKTOP-EQHIDO3" name="com.esg.executableclasses.AUS_ApplianceEfficiencyExecutableClass" tests="12" failures="0" timestamp="12 Nov 2019 14:28:26 GMT" time="533.303" errors="0">
  <testcase name="AUS_ApplianceEfficiency_OnlineApplication_Step_5" time="162.506" classname="com.esg.executableclasses.AUS_ApplianceEfficiencyExecutableClass"/>
  <testcase name="AUS_ApplianceEfficiency_VerifyEnrollment" time="58.989" classname="com.esg.executableclasses.AUS_ApplianceEfficiencyExecutableClass"/>
  <testcase name="AUS_ApplianceEfficiency_OnlineApplication_Step_6" time="5.133" classname="com.esg.executableclasses.AUS_ApplianceEfficiencyExecutableClass"/>
  <testcase name="AUS_ApplianceEfficiency_OnlineApplication_Step_3" time="21.038" classname="com.esg.executableclasses.AUS_ApplianceEfficiencyExecutableClass"/>
  <testcase name="AUS_ApplianceEfficiency_OnlineApplication_Step_7" time="5.108" classname="com.esg.executableclasses.AUS_ApplianceEfficiencyExecutableClass"/>
  <testcase name="AUS_ApplianceEfficiency_OnlineApplication_Step_2" time="71.326" classname="com.esg.executableclasses.AUS_ApplianceEfficiencyExecutableClass"/>
  <testcase name="AUS_ApplianceEfficiency_OnlineApplication_Step_4" time="10.204" classname="com.esg.executableclasses.AUS_ApplianceEfficiencyExecutableClass"/>
  <testcase name="AUS_ApplianceEfficiency_OnlineApplication_Step_1" time="38.413" classname="com.esg.executableclasses.AUS_ApplianceEfficiencyExecutableClass"/>
  <testcase name="AUS_ApplianceEfficiency_VerifyMeasure" time="21.717" classname="com.esg.executableclasses.AUS_ApplianceEfficiencyExecutableClass"/>
  <testcase name="AUS_ApplianceEfficiency_CreateEnrollment" time="66.148" classname="com.esg.executableclasses.AUS_ApplianceEfficiencyExecutableClass"/>
  <testcase name="AUS_ApplianceEfficiency_OnlineApplication_Step_8" time="42.648" classname="com.esg.executableclasses.AUS_ApplianceEfficiencyExecutableClass"/>
  <testcase name="AUS_ApplianceEfficiency_Login" time="30.073" classname="com.esg.executableclasses.AUS_ApplianceEfficiencyExecutableClass"/>
</testsuite> <!-- com.esg.executableclasses.AUS_ApplianceEfficiencyExecutableClass -->
