<?xml version="1.0" encoding="UTF-8"?>
<!-- Generated by org.testng.reporters.JUnitReportReporter -->
<testsuite hostname="LIT-HYD-L037" name="com.esg.executableclasses.LetterListSearchExecutableClass" tests="2" failures="0" timestamp="18 Dec 2019 08:41:46 GMT" time="101.753" errors="0">
  <testcase name="LetterListSearch_Login" time="21.054" classname="com.esg.executableclasses.LetterListSearchExecutableClass"/>
  <testcase name="LetterList_Search" time="80.699" classname="com.esg.executableclasses.LetterListSearchExecutableClass"/>
</testsuite> <!-- com.esg.executableclasses.LetterListSearchExecutableClass -->
