<?xml version="1.0" encoding="UTF-8"?>
<!-- Generated by org.testng.reporters.JUnitReportReporter -->
<testsuite hostname="DESKTOP-EQHIDO3" name="com.esg.executableclasses.SingleFileUploadExecutableClass" tests="7" failures="0" timestamp="19 Nov 2019 06:13:02 GMT" time="547.002" errors="0">
  <testcase name="InvoicingModule" time="42.963" classname="com.esg.executableclasses.SingleFileUploadExecutableClass"/>
  <testcase name="InstallationValidationModule" time="85.823" classname="com.esg.executableclasses.SingleFileUploadExecutableClass"/>
  <testcase name="GenerateInvoiceModule" time="77.077" classname="com.esg.executableclasses.SingleFileUploadExecutableClass"/>
  <testcase name="Login_Module" time="19.336" classname="com.esg.executableclasses.SingleFileUploadExecutableClass"/>
  <testcase name="ApplicationValidationModule" time="85.423" classname="com.esg.executableclasses.SingleFileUploadExecutableClass"/>
  <testcase name="EnrollmentModule" time="75.897" classname="com.esg.executableclasses.SingleFileUploadExecutableClass"/>
  <testcase name="UploadFile_Module" time="160.483" classname="com.esg.executableclasses.SingleFileUploadExecutableClass"/>
</testsuite> <!-- com.esg.executableclasses.SingleFileUploadExecutableClass -->
