<?xml version="1.0" encoding="UTF-8"?>
<!-- Generated by org.testng.reporters.JUnitReportReporter -->
<testsuite name="com.esg.executableclasses.MultiServiceInstallationExecutable" tests="9" time="1096.789" ignored="0" failures="0" timestamp="16 Apr 2020 13:38:09 GMT" skipped="0" hostname="LIT-HYD-L037" errors="0">
  <testcase name="Enrollment" time="83.729" classname="com.esg.executableclasses.MultiServiceInstallationExecutable"/>
  <testcase name="Application" time="17.088" classname="com.esg.executableclasses.MultiServiceInstallationExecutable"/>
  <testcase name="CorrectionStep" time="144.308" classname="com.esg.executableclasses.MultiServiceInstallationExecutable"/>
  <testcase name="InspectionProcess" time="298.918" classname="com.esg.executableclasses.MultiServiceInstallationExecutable"/>
  <testcase name="LoginClass" time="53.068" classname="com.esg.executableclasses.MultiServiceInstallationExecutable"/>
  <testcase name="Measure" time="195.996" classname="com.esg.executableclasses.MultiServiceInstallationExecutable"/>
  <testcase name="InstallationProcess" time="38.344" classname="com.esg.executableclasses.MultiServiceInstallationExecutable"/>
  <testcase name="JobCostSummary" time="11.108" classname="com.esg.executableclasses.MultiServiceInstallationExecutable"/>
  <testcase name="ReinspectionProcess" time="254.230" classname="com.esg.executableclasses.MultiServiceInstallationExecutable"/>
</testsuite> <!-- com.esg.executableclasses.MultiServiceInstallationExecutable -->
