<?xml version="1.0" encoding="UTF-8"?>
<!-- Generated by org.testng.reporters.JUnitReportReporter -->
<testsuite hostname="DESKTOP-EQHIDO3" name="com.esg.executableclasses.EnergyAuditExecutableClass" tests="1" failures="0" timestamp="9 Nov 2019 06:43:39 GMT" time="434.123" errors="0">
  <testcase name="EnergyLogin" time="434.123" classname="com.esg.executableclasses.EnergyAuditExecutableClass"/>
</testsuite> <!-- com.esg.executableclasses.EnergyAuditExecutableClass -->
