<?xml version="1.0" encoding="UTF-8"?>
<!-- Generated by org.testng.reporters.JUnitReportReporter -->
<testsuite name="com.esg.executableclasses.End_To_End_Configuration_Create_MeasureExecutableClass" tests="4" time="380.006" ignored="0" failures="0" timestamp="24 Mar 2020 05:23:20 GMT" skipped="0" hostname="LIT-HYD-L037" errors="0">
  <testcase name="CreateNewMeasure_Add_Properties" time="241.637" classname="com.esg.executableclasses.End_To_End_Configuration_Create_MeasureExecutableClass"/>
  <testcase name="Login_Module" time="39.740" classname="com.esg.executableclasses.End_To_End_Configuration_Create_MeasureExecutableClass"/>
  <testcase name="CreateNewMeasure" time="85.946" classname="com.esg.executableclasses.End_To_End_Configuration_Create_MeasureExecutableClass"/>
  <testcase name="CreateNewMeasure_Add_FailCodes_and_NonFeasibleCodes" time="12.683" classname="com.esg.executableclasses.End_To_End_Configuration_Create_MeasureExecutableClass"/>
</testsuite> <!-- com.esg.executableclasses.End_To_End_Configuration_Create_MeasureExecutableClass -->
