<?xml version="1.0" encoding="UTF-8"?>
<!-- Generated by org.testng.reporters.JUnitReportReporter -->
<testsuite hostname="DESKTOP-EQHIDO3" name="com.esg.executableclasses.EnergyAuditExecutableClass" tests="1" failures="0" timestamp="25 Oct 2019 06:18:20 GMT" time="425.832" errors="0">
  <testcase name="EnergyLogin" time="425.832" classname="com.esg.executableclasses.EnergyAuditExecutableClass"/>
</testsuite> <!-- com.esg.executableclasses.EnergyAuditExecutableClass -->
